[2025-11-07 18:17:00] Scheduler triggered
[2025-11-07 18:17:00] [kekahr] 10Decoders: fetched=19 new=0 updated=0
[2025-11-07 18:17:12] [darwinbox] ADA: fetched=84 new=0 updated=0
[2025-11-07 18:17:16] [oracle_orc] Euroclear: fetched=147 new=0 updated=0
[2025-11-07 18:17:25] [join] Qdrant: fetched=4 new=0 updated=0
[2025-11-07 18:17:25] Daily run finished successfully
[2025-11-07 18:17:25] -------------------------------------------------------

[2025-11-07 18:30:00] Scheduler triggered
[2025-11-07 18:30:00] [kekahr] 10Decoders: fetched=19 new=0 updated=0
[2025-11-07 18:30:13] [darwinbox] ADA: fetched=84 new=0 updated=0
[2025-11-07 18:30:18] [oracle_orc] Euroclear: fetched=146 new=0 updated=0
[2025-11-07 18:30:27] [join] Qdrant: fetched=4 new=0 updated=0
[2025-11-07 18:30:27] Daily run finished successfully
[2025-11-07 18:30:27] -------------------------------------------------------

[2025-11-08 09:10:00] Scheduler triggered
[2025-11-08 09:10:00] [kekahr] 10Decoders: fetched=19 new=0 updated=0
[2025-11-08 09:10:25] [darwinbox] ADA: fetched=84 new=0 updated=0
[2025-11-08 09:10:30] [oracle_orc] Euroclear: fetched=141 new=0 updated=1
[2025-11-08 09:10:40] [join] Qdrant: fetched=4 new=0 updated=0
[2025-11-08 09:10:40] Daily run finished successfully
[2025-11-08 09:10:40] -------------------------------------------------------

[2025-11-08 10:20:00] Scheduler triggered
[2025-11-08 10:20:00] [kekahr] 10Decoders: fetched=19 new=0 updated=0 closed=0
[2025-11-08 10:20:18] [darwinbox] ADA: fetched=84 new=0 updated=0 closed=0
[2025-11-08 10:20:22] [oracle_orc] Euroclear: fetched=141 new=0 updated=0 closed=0
[2025-11-08 10:20:35] [join] Qdrant: fetched=4 new=0 updated=0 closed=0
[2025-11-08 10:20:35] Daily run finished successfully
[2025-11-08 10:20:35] -------------------------------------------------------

[2025-11-08 10:45:00] [kekahr] 10Decoders: fetched=19 new=0 updated=0 closed=0
[2025-11-08 10:45:14] [darwinbox] ADA: fetched=84 new=0 updated=0 closed=0
[2025-11-08 10:45:19] [oracle_orc] Euroclear: fetched=141 new=0 updated=0 closed=0
[2025-11-08 10:45:29] [join] Qdrant: fetched=4 new=0 updated=0 closed=0
[2025-11-08 10:45:29] Daily run finished successfully
[2025-11-08 10:45:29] -------------------------------------------------------

[2025-11-08 11:37:00] Scheduler triggered
[2025-11-08 11:37:00] [kekahr] 10Decoders: fetched=19 new=0 updated=0 closed=0
[2025-11-08 11:37:12] [darwinbox] ADA: fetched=84 new=0 updated=0 closed=1
[2025-11-08 11:37:17] [oracle_orc] Euroclear: fetched=141 new=0 updated=0 closed=6
[2025-11-08 11:37:27] [join] Qdrant: fetched=4 new=0 updated=0 closed=0
[2025-11-08 11:37:27] Daily run finished successfully
[2025-11-08 11:37:27] -------------------------------------------------------

[2025-11-08 11:52:12] [scheduler] ENABLED: set to run daily at 11:53 Asia/Kolkata
[2025-11-08 11:53:00] Scheduler triggered
[2025-11-08 11:53:00] [kekahr] 10Decoders: fetched=19 new=0 updated=0 closed=0
[2025-11-08 11:53:12] [darwinbox] ADA: fetched=84 new=0 updated=0 closed=0
[2025-11-08 11:53:17] [oracle_orc] Euroclear: fetched=141 new=0 updated=0 closed=0
[2025-11-08 11:53:26] [join] Qdrant: fetched=4 new=0 updated=0 closed=0
[2025-11-08 11:53:26] Daily run finished successfully
[2025-11-08 11:53:26] -------------------------------------------------------
